make.exe all --print-data-base --no-builtin-variables --no-builtin-rules --question
make: *** No rule to make target 'all'.  Stop.

# GNU Make 4.4.1
# Built for Windows32
# Copyright (C) 1988-2023 Free Software Foundation, Inc.
# License GPLv3+: GNU GPL version 3 or later <https://gnu.org/licenses/gpl.html>
# This is free software: you are free to change and redistribute it.
# There is NO WARRANTY, to the extent permitted by law.

# Make data base, printed on Thu Feb 27 14:53:50 2025

# Variables

# environment
SYSTEMDRIVE = C:
# environment
LC_ALL = C
# makefile (from 'Makefile', line 3)
PROJECT_NAME = Hertland Concept
# environment
USERPROFILE = C:\Users\zenht
# environment
VBOX_MSI_INSTALL_PATH = E:\Program Files\Oracle\VirtualBox\
# environment
LOCALAPPDATA = C:\Users\zenht\AppData\Local
# environment
VSCODE_CRASH_REPORTER_PROCESS_TYPE = extensionHost
# environment
VSCODE_CWD = D:\Program Files\cursor
# environment
CHOCOLATEYINSTALL = C:\ProgramData\chocolatey
# environment
SYSTEMROOT = C:\Windows
# environment
PROCESSOR_LEVEL = 6
# environment
PSMODULEPATH = C:\Program Files\WindowsPowerShell\Modules;C:\Windows\system32\WindowsPowerShell\v1.0\Modules
# default
MAKE_COMMAND := C:/ProgramData/chocolatey/lib/make/tools/install/bin/make.exe
# automatic
@D = $(patsubst %/,%,$(patsubst %\,%,$(dir $@)))
# environment
CHROME_CRASHPAD_PIPE_NAME = \\.\pipe\crashpad_9720_KLQUGYHCSPKBEEGM
# environment
VSCODE_HANDLES_UNCAUGHT_ERRORS = true
# default
.VARIABLES := 
# automatic
%D = $(patsubst %/,%,$(patsubst %\,%,$(dir $%)))
# automatic
^D = $(patsubst %/,%,$(patsubst %\,%,$(dir $^)))
# automatic
%F = $(notdir $%)
# environment
VSCODE_CODE_CACHE_PATH = C:\Users\zenht\AppData\Roaming\Cursor\CachedData\3611c5390c448b242ab97e328493bb8ef7241e60
# environment
LANG = C
# default
.LOADED := 
# environment
TMP = C:\Users\zenht\AppData\Local\Temp
# default
.INCLUDE_DIRS := .
# environment
PROCESSOR_ARCHITEW6432 = AMD64
# makefile
MAKEFLAGS = pqrR
# environment
ONEDRIVE = C:\Users\zenht\OneDrive
# environment
POWERSHELL_DISTRIBUTION_CHANNEL = MSI:Windows 10 Pro
# makefile
CURDIR := d:/work/freelancehunt/markiyan/prject
# environment
APPLICATION_INSIGHTS_NO_DIAGNOSTIC_CHANNEL = true
# environment
PROGF81DEF27053 = 1
# environment
VSCODE_L10N_BUNDLE_LOCATION = 
# automatic
*D = $(patsubst %/,%,$(patsubst %\,%,$(dir $*)))
# environment
PROGRAMFILES = C:\Program Files (x86)
# environment
MFLAGS = -pqrR
# default
.SHELLFLAGS := -c
# environment
COMMONPROGRAMW6432 = C:\Program Files\Common Files
# automatic
+D = $(patsubst %/,%,$(patsubst %\,%,$(dir $+)))
# makefile (from 'Makefile', line 1)
MAKEFILE_LIST := Makefile
# automatic
@F = $(notdir $@)
# environment
VSCODE_PID = 9720
# automatic
?D = $(patsubst %/,%,$(patsubst %\,%,$(dir $?)))
# environment
__PSLOCKDOWNPOLICY = 0
# automatic
*F = $(notdir $*)
# automatic
<D = $(patsubst %/,%,$(patsubst %\,%,$(dir $<)))
# environment
VSCODE_NLS_CONFIG = {"userLocale":"en-us","osLocale":"en-us","resolvedLanguage":"en","defaultMessagesFile":"D:\\Program Files\\cursor\\resources\\app\\out\\nls.messages.json","locale":"en-us","availableLanguages":{}}
# environment
ONEDRIVECONSUMER = C:\Users\zenht\OneDrive
# default
MAKE_HOST := Windows32
# environment
PROGRAMDATA = C:\ProgramData
# default
SHELL := sh.exe
# environment
HOMEPATH = \Users\zenht
# default
MAKECMDGOALS := all
# environment
DRIVERDATA = C:\Windows\System32\Drivers\DriverData
# environment
COMSPEC = C:\Windows\system32\cmd.exe
# environment
WINDIR = C:\Windows
# environment
MAKELEVEL := 0
# default
MAKE = $(MAKE_COMMAND)
# environment
PATH = d:\Program Files\cursor\resources\app\bin;C:\Program Files (x86)\Common Files\Oracle\Java\java8path;C:\Program Files (x86)\Common Files\Oracle\Java\javapath;C:\Program Files (x86)\NVIDIA Corporation\PhysX\Common;C:\Windows\system32;C:\Windows;C:\Windows\System32\Wbem;C:\Windows\System32\WindowsPowerShell\v1.0\;C:\Windows\System32\OpenSSH\;C:\ProgramData\chocolatey\bin;C:\Program Files (x86)\QuickTime\QTSystem\;C:\Users\zenht\AppData\Roaming\nvm;d:\nodejs;C:\Program Files\nodejs\;C:\Program Files\dotnet\;C:\Program Files\PowerShell\7\;C:\ProgramData\ComposerSetup\bin;C:\Program Files\Git\cmd;C:\Program Files\PuTTY\;C:\Program Files\Docker\Docker\resources\bin;C:\Users\zenht\AppData\Local\Microsoft\WindowsApps;C:\Users\zenht\AppData\Local\JetBrains\Toolbox\scripts;C:\Users\zenht\AppData\Roaming\Programs\Zero Install;C:\Users\zenht\AppData\Roaming\nvm;d:\nodejs;C:\Users\zenht\AppData\Roaming\npm;C:\Users\zenht\AppData\Local\Muse Hub\lib;D:\php_8_2;C:\Users\zenht\AppData\Local\ComposerSetup\bin;C:\Users\zenht\App;d:\Program Files\cursor\resources\app\bin;C:\Users\zenht\AppData\Local\Microsoft\WindowsApps;C:\Users\zenht\AppData\Local\JetBrains\Toolbox\scripts;C:\Users\zenht\AppData\Roaming\Programs\Zero Install;C:\Users\zenht\AppData\Roaming\nvm;d:\nodejs;C:\Users\zenht\AppData\Roaming\npm;C:\Users\zenht\AppData\Local\Muse Hub\lib;D:\php_8_2;C:\Users\zenht\AppData\Local\ComposerSetup\bin;C:\Users\zenht\AppData\Roaming\Composer\vendor\bin;C:\Users\zenht\AppData\Local\GitHubDesktop\bin;C:\Users\zenht\AppData\Local\Programs\Microsoft VS Code\bin;C:\Users\zenht\.cache\lm-studio\bin;D:\Program Files\cursor\resources\app\bin;D:\Program Files\Windsurf\bin
# environment
COMPUTERNAME = DESKTOP-3BHUGPP
# default
MAKEFILES := 
# automatic
^F = $(notdir $^)
# environment
PROMPT = $P$G
# environment
CHOCOLATEYLASTPATHUPDATE = 133446565595237051
# environment
LOGONSERVER = \\DESKTOP-3BHUGPP
# environment
USERNAME = zenht
# environment
COMMONPROGRAMFILES = C:\Program Files (x86)\Common Files
# automatic
?F = $(notdir $?)
# environment
PROGRAMW6432 = C:\Program Files
# environment
CURSOR_TRACE_ID = 08b8e85785b144f2ac404300ba98a68a
# environment
PATHEXT = .COM;.EXE;.BAT;.CMD;.VBS;.VBE;.JS;.JSE;.WSF;.WSH;.MSC
# automatic
+F = $(notdir $+)
# environment
ORIGINAL_XDG_CURRENT_DESKTOP = undefined
# environment
USERDOMAIN = DESKTOP-3BHUGPP
# 'override' directive
GNUMAKEFLAGS := 
# environment
OS = Windows_NT
# makefile
.DEFAULT_GOAL := default
# environment
NVM_HOME = C:\Users\zenht\AppData\Roaming\nvm
# default
MAKE_VERSION := 4.4.1
# environment
PROGRAMFILES(X86) = C:\Program Files (x86)
# environment
USERDOMAIN_ROAMINGPROFILE = DESKTOP-3BHUGPP
# environment
NUMBER_OF_PROCESSORS = 8
# environment
PUBLIC = C:\Users\Public
# environment
APPDATA = C:\Users\zenht\AppData\Roaming
# environment
HOMEDRIVE = C:
# environment
NVM_SYMLINK = d:\nodejs
# environment
PROCESSOR_ARCHITECTURE = x86
# environment
VSCODE_PROCESS_TITLE = extension-host [1-1]
# environment
COMMONPROGRAMFILES(X86) = C:\Program Files (x86)\Common Files
# environment
ELECTRON_RUN_AS_NODE = 1
# environment
TEMP = C:\Users\zenht\AppData\Local\Temp
# environment
VSCODE_IPC_HOOK = \\.\pipe\3569510b-0.46.7-main-sock
# default
.RECIPEPREFIX := 
# automatic
<F = $(notdir $<)
# default
SUFFIXES := 
# environment
ALLUSERSPROFILE = C:\ProgramData
# environment
SESSIONNAME = Console
# default
.FEATURES := target-specific order-only second-expansion else-if shortest-stem undefine oneshell nocomment grouped-target extra-prereqs notintermediate shell-export archives jobserver output-sync load dospaths
# environment
PROCESSOR_REVISION = 3c03
# environment
VSCODE_ESM_ENTRYPOINT = vs/workbench/api/node/extensionHostProcess
# environment
PROCESSOR_IDENTIFIER = Intel64 Family 6 Model 60 Stepping 3, GenuineIntel
# variable set hash-table stats:
# Load=101/1024=10%, Rehash=0, Collisions=11/130=8%

# Pattern-specific Variable Values

# No pattern-specific variable values.

# Directories

# . (key d:/work/freelancehunt/markiyan/prject, mtime 1740660830): 7 files, no impossibilities.

# 7 files, no impossibilities in 1 directories.

# Implicit Rules

# No implicit rules.

# Files

default: up
#  Implicit rule search has not been done.
#  Modification time never checked.
#  File has not been updated.

# Not a target:
Makefile:
#  Implicit rule search has been done.
#  File is secondary (prerequisite of .SECONDARY).
#  Last modified 2024-12-14 16:27:16
#  File has been updated.
#  Successfully updated.

up:
#  Phony target (prerequisite of .PHONY).
#  Implicit rule search has not been done.
#  File does not exist.
#  File has not been updated.
#  recipe to execute (from 'Makefile', line 14):
	@echo "Starting up containers for $(PROJECT_NAME)..."
	docker compose pull
	docker compose up -d --remove-orphans

# Not a target:
.DEFAULT:
#  Implicit rule search has not been done.
#  Modification time never checked.
#  File has not been updated.

# Not a target:
all:
#  Command line target.
#  Implicit rule search has been done.
#  File does not exist.
#  File has not been updated.

help:
#  Implicit rule search has not been done.
#  Modification time never checked.
#  File has not been updated.
#  recipe to execute (from 'Makefile', line 6):
	@echo "Available commands:"
	@echo "  help   : Print commands help."
	@echo "  up     : Start up containers."
	@echo "  down   : Down containers."

.PHONY: up
#  Implicit rule search has not been done.
#  Modification time never checked.
#  File has not been updated.

down:
#  Implicit rule search has not been done.
#  Modification time never checked.
#  File has not been updated.
#  recipe to execute (from 'Makefile', line 20):
	@echo "Down containers for $(PROJECT_NAME)..."
	docker compose down

# files hash-table stats:
# Load=9/1024=1%, Rehash=0, Collisions=0/23=0%
# VPATH Search Paths

# No 'vpath' search paths.

# No general ('VPATH' variable) search path.

# strcache buffers: 1 (0) / strings = 15 / storage = 105 B / avg = 7 B
# current buf: size = 8174 B / used = 105 B / count = 15 / avg = 7 B

# strcache performance: lookups = 26 / hit rate = 42%
# hash-table stats:
# Load=15/8192=0%, Rehash=0, Collisions=0/26=0%
# Finished Make data base on Thu Feb 27 14:53:50 2025

 
